# JRE version: OpenJDK Runtime Environment (21.0.5) (build 21.0.5+-12932927-b750.29)
# Java VM: OpenJDK 64-Bit Server VM (21.0.5+-12932927-b750.29, mixed mode, tiered, compressed oops, compressed class ptrs, g1 gc, windows-amd64)
GC Precious Log:
 CardTable entry size: 512
 Card Set container configuration: InlinePtr #cards 5 size 8 Array Of Cards #cards 12 size 40 Howl #buckets 4 coarsen threshold 1843 Howl Bitmap #cards 512 size 80 coarsen threshold 460 Card regions per heap region 1 cards per card region 2048
 CPUs: 12 total, 12 available
 Memory: 7532M
 Large Page Support: Disabled
 NUMA Support: Disabled
 Compressed Oops: Enabled (32-bit)
 Heap Region Size: 1M
 Heap Min Capacity: 8M
 Heap Initial Capacity: 118M
 Heap Max Capacity: 2G
 Pre-touch: Disabled
 Parallel Workers: 10
 Concurrent Workers: 3
 Concurrent Refinement Workers: 10
 Periodic GC: Disabled
Heap:
 garbage-first heap   total 291840K, used 173279K [0x0000000080000000, 0x0000000100000000)
  region size 1024K, 11 young (11264K), 11 survivors (11264K)
 Metaspace       used 165172K, committed 166528K, reserved 1245184K
  class space    used 22129K, committed 22784K, reserved 1048576K
GC Heap History (20 events):
Event: 2271.772 GC heap after
{Heap after GC invocations=83 (full 0):
 garbage-first heap   total 291840K, used 129472K [0x0000000080000000, 0x0000000100000000)
  region size 1024K, 13 young (13312K), 13 survivors (13312K)
 Metaspace       used 149839K, committed 152256K, reserved 1245184K
  class space    used 19983K, committed 21248K, reserved 1048576K
}
Event: 2271.861 GC heap before
{Heap before GC invocations=83 (full 0):
 garbage-first heap   total 291840K, used 144832K [0x0000000080000000, 0x0000000100000000)
  region size 1024K, 28 young (28672K), 13 survivors (13312K)
 Metaspace       used 149849K, committed 152320K, reserved 1245184K
  class space    used 19983K, committed 21248K, reserved 1048576K
}
Event: 2271.893 GC heap after
{Heap after GC invocations=84 (full 0):
 garbage-first heap   total 291840K, used 140629K [0x0000000080000000, 0x0000000100000000)
  region size 1024K, 4 young (4096K), 4 survivors (4096K)
 Metaspace       used 149849K, committed 152320K, reserved 1245184K
  class space    used 19983K, committed 21248K, reserved 1048576K
}
Event: 2272.020 GC heap before
{Heap before GC invocations=84 (full 0):
 garbage-first heap   total 291840K, used 157013K [0x0000000080000000, 0x0000000100000000)
  region size 1024K, 21 young (21504K), 4 survivors (4096K)
 Metaspace       used 149851K, committed 152320K, reserved 1245184K
  class space    used 19983K, committed 21248K, reserved 1048576K
}
Event: 2272.033 GC heap after
{Heap after GC invocations=85 (full 0):
 garbage-first heap   total 291840K, used 149504K [0x0000000080000000, 0x0000000100000000)
  region size 1024K, 3 young (3072K), 3 survivors (3072K)
 Metaspace       used 149851K, committed 152320K, reserved 1245184K
  class space    used 19983K, committed 21248K, reserved 1048576K
}
Event: 2272.719 GC heap before
{Heap before GC invocations=85 (full 0):
 garbage-first heap   total 291840K, used 183296K [0x0000000080000000, 0x0000000100000000)
  region size 1024K, 23 young (23552K), 3 survivors (3072K)
 Metaspace       used 147412K, committed 152320K, reserved 1245184K
  class space    used 19396K, committed 21248K, reserved 1048576K
}
Event: 2272.729 GC heap after
{Heap after GC invocations=86 (full 0):
 garbage-first heap   total 291840K, used 152162K [0x0000000080000000, 0x0000000100000000)
  region size 1024K, 3 young (3072K), 3 survivors (3072K)
 Metaspace       used 147412K, committed 152320K, reserved 1245184K
  class space    used 19396K, committed 21248K, reserved 1048576K
}
Event: 2276.398 GC heap before
{Heap before GC invocations=87 (full 0):
 garbage-first heap   total 291840K, used 178786K [0x0000000080000000, 0x0000000100000000)
  region size 1024K, 30 young (30720K), 3 survivors (3072K)
 Metaspace       used 147426K, committed 152320K, reserved 1245184K
  class space    used 19396K, committed 21248K, reserved 1048576K
}
Event: 2276.408 GC heap after
{Heap after GC invocations=88 (full 0):
 garbage-first heap   total 291840K, used 157791K [0x0000000080000000, 0x0000000100000000)
  region size 1024K, 4 young (4096K), 4 survivors (4096K)
 Metaspace       used 147426K, committed 152320K, reserved 1245184K
  class space    used 19396K, committed 21248K, reserved 1048576K
}
Event: 3905.199 GC heap before
{Heap before GC invocations=88 (full 0):
 garbage-first heap   total 291840K, used 240735K [0x0000000080000000, 0x0000000100000000)
  region size 1024K, 72 young (73728K), 4 survivors (4096K)
 Metaspace       used 147486K, committed 152320K, reserved 1245184K
  class space    used 19397K, committed 21248K, reserved 1048576K
}
Event: 3905.322 GC heap after
{Heap after GC invocations=89 (full 0):
 garbage-first heap   total 291840K, used 154675K [0x0000000080000000, 0x0000000100000000)
  region size 1024K, 5 young (5120K), 5 survivors (5120K)
 Metaspace       used 147486K, committed 152320K, reserved 1245184K
  class space    used 19397K, committed 21248K, reserved 1048576K
}
Event: 6021.869 GC heap before
{Heap before GC invocations=89 (full 0):
 garbage-first heap   total 291840K, used 224307K [0x0000000080000000, 0x0000000100000000)
  region size 1024K, 74 young (75776K), 5 survivors (5120K)
 Metaspace       used 147521K, committed 152320K, reserved 1245184K
  class space    used 19397K, committed 21248K, reserved 1048576K
}
Event: 6022.097 GC heap after
{Heap after GC invocations=90 (full 0):
 garbage-first heap   total 291840K, used 153869K [0x0000000080000000, 0x0000000100000000)
  region size 1024K, 7 young (7168K), 7 survivors (7168K)
 Metaspace       used 147521K, committed 152320K, reserved 1245184K
  class space    used 19397K, committed 21248K, reserved 1048576K
}
Event: 6022.783 GC heap before
{Heap before GC invocations=90 (full 0):
 garbage-first heap   total 291840K, used 165133K [0x0000000080000000, 0x0000000100000000)
  region size 1024K, 18 young (18432K), 7 survivors (7168K)
 Metaspace       used 147521K, committed 152320K, reserved 1245184K
  class space    used 19397K, committed 21248K, reserved 1048576K
}
Event: 6022.869 GC heap after
{Heap after GC invocations=91 (full 0):
 garbage-first heap   total 291840K, used 153290K [0x0000000080000000, 0x0000000100000000)
  region size 1024K, 2 young (2048K), 2 survivors (2048K)
 Metaspace       used 147521K, committed 152320K, reserved 1245184K
  class space    used 19397K, committed 21248K, reserved 1048576K
}
Event: 6033.038 GC heap before
{Heap before GC invocations=91 (full 0):
 garbage-first heap   total 291840K, used 195274K [0x0000000080000000, 0x0000000100000000)
  region size 1024K, 44 young (45056K), 2 survivors (2048K)
 Metaspace       used 154475K, committed 156096K, reserved 1245184K
  class space    used 20766K, committed 21760K, reserved 1048576K
}
Event: 6033.151 GC heap after
{Heap after GC invocations=92 (full 0):
 garbage-first heap   total 291840K, used 152878K [0x0000000080000000, 0x0000000100000000)
  region size 1024K, 3 young (3072K), 3 survivors (3072K)
 Metaspace       used 154475K, committed 156096K, reserved 1245184K
  class space    used 20766K, committed 21760K, reserved 1048576K
}
Event: 6034.867 GC heap before
{Heap before GC invocations=92 (full 0):
 garbage-first heap   total 291840K, used 215342K [0x0000000080000000, 0x0000000100000000)
  region size 1024K, 58 young (59392K), 3 survivors (3072K)
 Metaspace       used 161674K, committed 163072K, reserved 1245184K
  class space    used 21732K, committed 22400K, reserved 1048576K
}
Event: 6034.925 GC heap after
{Heap after GC invocations=93 (full 0):
 garbage-first heap   total 291840K, used 164504K [0x0000000080000000, 0x0000000100000000)
  region size 1024K, 8 young (8192K), 8 survivors (8192K)
 Metaspace       used 161674K, committed 163072K, reserved 1245184K
  class space    used 21732K, committed 22400K, reserved 1048576K
}
Event: 6036.232 GC heap before
{Heap before GC invocations=93 (full 0):
 garbage-first heap   total 291840K, used 242328K [0x0000000080000000, 0x0000000100000000)
  region size 1024K, 84 young (86016K), 8 survivors (8192K)
 Metaspace       used 165172K, committed 166528K, reserved 1245184K
  class space    used 22129K, committed 22784K, reserved 1048576K
}

